La regla es inútil debido a los conflictos

   47 $@4: %empty


Estado 69 conflictos: 1 desplazamiento/reducción


Gramática

    0 $accept: Programa $end

    1 $@1: %empty

    2 Programa: $@1 CABECERA bloque

    3 bloque: ini_bloque declar_de_variables_locales declar_de_subprogs sentencias fin_bloque
    4       | ini_bloque declar_de_variables_locales sentencias fin_bloque
    5       | ini_bloque declar_de_subprogs fin_bloque
    6       | ini_bloque sentencias fin_bloque

    7 ini_bloque: INIBLOQUE

    8 fin_bloque: FINBLOQUE

    9 declar_de_variables_locales: INICIOVARIABLES variables FINVARIABLES

   10 variables: cuerpo_de_variables
   11          | variables cuerpo_de_variables

   12 cuerpo_de_variables: TIPO lista_identificador FINLINEA
   13                    | TIPO lista_identificador_array FINLINEA
   14                    | error

   15 lista_identificador_array: lista_identificador_array COMA identificador_array
   16                          | identificador_array

   17 identificador_array: IDENTIFICADOR ABRIRCORCHETE ENTERO CERRARCORCHETE
   18                    | IDENTIFICADOR ABRIRCORCHETE ENTERO CERRARCORCHETE ABRIRCORCHETE ENTERO CERRARCORCHETE

   19 lista_identificador: lista_identificador COMA IDENTIFICADOR
   20                    | IDENTIFICADOR

   21 declar_de_subprogs: declar_de_subprogs declar_subprogs
   22                   | declar_subprogs

   23 $@2: %empty

   24 declar_subprogs: cabecera_subprograma $@2 bloque

   25 cabecera_subprograma: TIPO IDENTIFICADOR PARENTESISABIERTO lista_de_parametros PARENTESISCERRADO

   26 lista_de_parametros: lista_de_parametros COMA TIPO IDENTIFICADOR
   27                    | lista_de_parametros COMA TIPO identificador_array
   28                    | TIPO IDENTIFICADOR
   29                    | TIPO identificador_array
   30                    | error

   31 sentencias: sentencias sentencia
   32           | sentencia

   33 $@3: %empty

   34 sentencia: $@3 bloque
   35          | sentencia_asignacion
   36          | sentencia_if
   37          | sentencia_while
   38          | sentencia_entrada
   39          | sentencia_salida
   40          | sentencia_return
   41          | sentencia_switch
   42          | error

   43 sentencia_asignacion: nombre_var ASIGNACION expresion FINLINEA

   44 nombre_var: IDENTIFICADOR
   45           | IDENTIFICADOR ABRIRCORCHETE expresion CERRARCORCHETE
   46           | IDENTIFICADOR ABRIRCORCHETE expresion CERRARCORCHETE ABRIRCORCHETE expresion CERRARCORCHETE

   47 $@4: %empty

   48 sentencia_if: CONDICION PARENTESISABIERTO expresion $@4 PARENTESISCERRADO sentencia

   49 $@5: %empty

   50 $@6: %empty

   51 sentencia_if: CONDICION PARENTESISABIERTO expresion PARENTESISCERRADO $@5 sentencia SUBCONDICION $@6 sentencia

   52 $@7: %empty

   53 sentencia_while: CICLO PARENTESISABIERTO expresion $@7 PARENTESISCERRADO sentencia

   54 sentencia_entrada: ENTRADA lista_variables FINLINEA

   55 lista_variables: lista_variables COMA IDENTIFICADOR
   56                | IDENTIFICADOR

   57 sentencia_salida: SALIDA lista_exp_cadena FINLINEA

   58 sentencia_return: RETURN expresion FINLINEA

   59 sentencia_switch: OPCION PARENTESISABIERTO expresion PARENTESISCERRADO ini_bloque sentencia_case fin_bloque
   60                 | OPCION PARENTESISABIERTO expresion PARENTESISCERRADO ini_bloque sentencia_case default fin_bloque

   61 sentencia_case: sentencia_case CASO DOSPUNTOS constante sentencia
   62               | CASO DOSPUNTOS constante sentencia
   63               | sentencia_case CASO DOSPUNTOS constante sentencia BREAK FINLINEA
   64               | CASO DOSPUNTOS constante sentencia BREAK FINLINEA

   65 default: DEFAULT DOSPUNTOS sentencia

   66 constante: ENTERO
   67          | CONSTANTES

   68 lista_exp: expresion COMA lista_exp
   69          | expresion

   70 lista_exp_cadena: lista_exp_cadena COMA exp_cadena
   71                 | exp_cadena

   72 exp_cadena: expresion
   73           | CADENA

   74 expresion: PARENTESISABIERTO expresion PARENTESISCERRADO
   75          | OPSUMARESTA expresion
   76          | OPUNARIO expresion
   77          | expresion OPBINARIOS expresion
   78          | expresion OPSUMARESTA expresion
   79          | expresion OPBINARIOS_MULTI expresion
   80          | expresion OPBINARIOS_IGUALDAD expresion
   81          | expresion OPBINARIOS_OR expresion
   82          | expresion OPBINARIOS_AND expresion
   83          | nombre_var
   84          | constante
   85          | funcion

   86 $@8: %empty

   87 funcion: IDENTIFICADOR $@8 PARENTESISABIERTO lista_exp PARENTESISCERRADO


Terminales con las reglas donde aparecen

$end (0) 0
error (256) 14 30 42
CABECERA (258) 2
TIPO (259) 12 13 25 26 27 28 29
CONDICION (260) 48 51
SUBCONDICION (261) 51
CICLO (262) 53
OPCION (263) 59 60
CASO (264) 61 62 63 64
SALIDA (265) 57
RETURN (266) 58
INIBLOQUE (267) 7
FINBLOQUE (268) 8
INICIOVARIABLES (269) 9
FINVARIABLES (270) 9
CONSTANTES (271) 67
PARENTESISCERRADO (272) 25 48 51 53 59 60 74 87
ABRIRCORCHETE (273) 17 18 45 46
CERRARCORCHETE (274) 17 18 45 46
COMA (275) 15 19 26 27 55 68 70
FINLINEA (276) 12 13 43 54 57 58 63 64
OPBINARIOS (277) 77
OPSUMARESTA (278) 75 78
ASIGNACION (279) 43
ENTRADA (280) 54
DOSPUNTOS (281) 61 62 63 64 65
ENTERO (282) 17 18 66
CADENA (283) 73
IDENTIFICADOR (284) 17 18 19 20 25 26 28 44 45 46 55 56 87
PARENTESISABIERTO (285) 25 48 51 53 59 60 74 87
OPUNARIO (286) 76
DEFAULT (287) 65
BREAK (288) 63 64
OPBINARIOS_OR (289) 81
OPBINARIOS_AND (290) 82
OPBINARIOS_IGUALDAD (291) 80
OPBINARIOS_MULTI (292) 79


No terminales con las reglas donde aparecen

$accept (38)
    en la izquierda: 0
Programa (39)
    en la izquierda: 2, en la derecha: 0
$@1 (40)
    en la izquierda: 1, en la derecha: 2
bloque (41)
    en la izquierda: 3 4 5 6, en la derecha: 2 24 34
ini_bloque (42)
    en la izquierda: 7, en la derecha: 3 4 5 6 59 60
fin_bloque (43)
    en la izquierda: 8, en la derecha: 3 4 5 6 59 60
declar_de_variables_locales (44)
    en la izquierda: 9, en la derecha: 3 4
variables (45)
    en la izquierda: 10 11, en la derecha: 9 11
cuerpo_de_variables (46)
    en la izquierda: 12 13 14, en la derecha: 10 11
lista_identificador_array (47)
    en la izquierda: 15 16, en la derecha: 13 15
identificador_array (48)
    en la izquierda: 17 18, en la derecha: 15 16 27 29
lista_identificador (49)
    en la izquierda: 19 20, en la derecha: 12 19
declar_de_subprogs (50)
    en la izquierda: 21 22, en la derecha: 3 5 21
declar_subprogs (51)
    en la izquierda: 24, en la derecha: 21 22
$@2 (52)
    en la izquierda: 23, en la derecha: 24
cabecera_subprograma (53)
    en la izquierda: 25, en la derecha: 24
lista_de_parametros (54)
    en la izquierda: 26 27 28 29 30, en la derecha: 25 26 27
sentencias (55)
    en la izquierda: 31 32, en la derecha: 3 4 6 31
sentencia (56)
    en la izquierda: 34 35 36 37 38 39 40 41 42, en la derecha: 31
    32 48 51 53 61 62 63 64 65
$@3 (57)
    en la izquierda: 33, en la derecha: 34
sentencia_asignacion (58)
    en la izquierda: 43, en la derecha: 35
nombre_var (59)
    en la izquierda: 44 45 46, en la derecha: 43 83
sentencia_if (60)
    en la izquierda: 48 51, en la derecha: 36
$@4 (61)
    en la izquierda: 47, en la derecha: 48
$@5 (62)
    en la izquierda: 49, en la derecha: 51
$@6 (63)
    en la izquierda: 50, en la derecha: 51
sentencia_while (64)
    en la izquierda: 53, en la derecha: 37
$@7 (65)
    en la izquierda: 52, en la derecha: 53
sentencia_entrada (66)
    en la izquierda: 54, en la derecha: 38
lista_variables (67)
    en la izquierda: 55 56, en la derecha: 54 55
sentencia_salida (68)
    en la izquierda: 57, en la derecha: 39
sentencia_return (69)
    en la izquierda: 58, en la derecha: 40
sentencia_switch (70)
    en la izquierda: 59 60, en la derecha: 41
sentencia_case (71)
    en la izquierda: 61 62 63 64, en la derecha: 59 60 61 63
default (72)
    en la izquierda: 65, en la derecha: 60
constante (73)
    en la izquierda: 66 67, en la derecha: 61 62 63 64 84
lista_exp (74)
    en la izquierda: 68 69, en la derecha: 68 87
lista_exp_cadena (75)
    en la izquierda: 70 71, en la derecha: 57 70
exp_cadena (76)
    en la izquierda: 72 73, en la derecha: 70 71
expresion (77)
    en la izquierda: 74 75 76 77 78 79 80 81 82 83 84 85, en la derecha:
    43 45 46 48 51 53 58 59 60 68 69 72 74 75 76 77 78 79 80 81 82
funcion (78)
    en la izquierda: 87, en la derecha: 85
$@8 (79)
    en la izquierda: 86, en la derecha: 87


Estado 0

    0 $accept: . Programa $end

    $default  reduce usando la regla 1 ($@1)

    Programa  ir al estado 1
    $@1       ir al estado 2


Estado 1

    0 $accept: Programa . $end

    $end  desplazar e ir al estado 3


Estado 2

    2 Programa: $@1 . CABECERA bloque

    CABECERA  desplazar e ir al estado 4


Estado 3

    0 $accept: Programa $end .

    $default  aceptar


Estado 4

    2 Programa: $@1 CABECERA . bloque

    INIBLOQUE  desplazar e ir al estado 5

    bloque      ir al estado 6
    ini_bloque  ir al estado 7


Estado 5

    7 ini_bloque: INIBLOQUE .

    $default  reduce usando la regla 7 (ini_bloque)


Estado 6

    2 Programa: $@1 CABECERA bloque .

    $default  reduce usando la regla 2 (Programa)


Estado 7

    3 bloque: ini_bloque . declar_de_variables_locales declar_de_subprogs sentencias fin_bloque
    4       | ini_bloque . declar_de_variables_locales sentencias fin_bloque
    5       | ini_bloque . declar_de_subprogs fin_bloque
    6       | ini_bloque . sentencias fin_bloque

    error            desplazar e ir al estado 8
    TIPO             desplazar e ir al estado 9
    CONDICION        desplazar e ir al estado 10
    CICLO            desplazar e ir al estado 11
    OPCION           desplazar e ir al estado 12
    SALIDA           desplazar e ir al estado 13
    RETURN           desplazar e ir al estado 14
    INICIOVARIABLES  desplazar e ir al estado 15
    ENTRADA          desplazar e ir al estado 16
    IDENTIFICADOR    desplazar e ir al estado 17

    INIBLOQUE  reduce usando la regla 33 ($@3)

    declar_de_variables_locales  ir al estado 18
    declar_de_subprogs           ir al estado 19
    declar_subprogs              ir al estado 20
    cabecera_subprograma         ir al estado 21
    sentencias                   ir al estado 22
    sentencia                    ir al estado 23
    $@3                          ir al estado 24
    sentencia_asignacion         ir al estado 25
    nombre_var                   ir al estado 26
    sentencia_if                 ir al estado 27
    sentencia_while              ir al estado 28
    sentencia_entrada            ir al estado 29
    sentencia_salida             ir al estado 30
    sentencia_return             ir al estado 31
    sentencia_switch             ir al estado 32


Estado 8

   42 sentencia: error .

    $default  reduce usando la regla 42 (sentencia)


Estado 9

   25 cabecera_subprograma: TIPO . IDENTIFICADOR PARENTESISABIERTO lista_de_parametros PARENTESISCERRADO

    IDENTIFICADOR  desplazar e ir al estado 33


Estado 10

   48 sentencia_if: CONDICION . PARENTESISABIERTO expresion $@4 PARENTESISCERRADO sentencia
   51             | CONDICION . PARENTESISABIERTO expresion PARENTESISCERRADO $@5 sentencia SUBCONDICION $@6 sentencia

    PARENTESISABIERTO  desplazar e ir al estado 34


Estado 11

   53 sentencia_while: CICLO . PARENTESISABIERTO expresion $@7 PARENTESISCERRADO sentencia

    PARENTESISABIERTO  desplazar e ir al estado 35


Estado 12

   59 sentencia_switch: OPCION . PARENTESISABIERTO expresion PARENTESISCERRADO ini_bloque sentencia_case fin_bloque
   60                 | OPCION . PARENTESISABIERTO expresion PARENTESISCERRADO ini_bloque sentencia_case default fin_bloque

    PARENTESISABIERTO  desplazar e ir al estado 36


Estado 13

   57 sentencia_salida: SALIDA . lista_exp_cadena FINLINEA

    CONSTANTES         desplazar e ir al estado 37
    OPSUMARESTA        desplazar e ir al estado 38
    ENTERO             desplazar e ir al estado 39
    CADENA             desplazar e ir al estado 40
    IDENTIFICADOR      desplazar e ir al estado 41
    PARENTESISABIERTO  desplazar e ir al estado 42
    OPUNARIO           desplazar e ir al estado 43

    nombre_var        ir al estado 44
    constante         ir al estado 45
    lista_exp_cadena  ir al estado 46
    exp_cadena        ir al estado 47
    expresion         ir al estado 48
    funcion           ir al estado 49


Estado 14

   58 sentencia_return: RETURN . expresion FINLINEA

    CONSTANTES         desplazar e ir al estado 37
    OPSUMARESTA        desplazar e ir al estado 38
    ENTERO             desplazar e ir al estado 39
    IDENTIFICADOR      desplazar e ir al estado 41
    PARENTESISABIERTO  desplazar e ir al estado 42
    OPUNARIO           desplazar e ir al estado 43

    nombre_var  ir al estado 44
    constante   ir al estado 45
    expresion   ir al estado 50
    funcion     ir al estado 49


Estado 15

    9 declar_de_variables_locales: INICIOVARIABLES . variables FINVARIABLES

    error  desplazar e ir al estado 51
    TIPO   desplazar e ir al estado 52

    variables            ir al estado 53
    cuerpo_de_variables  ir al estado 54


Estado 16

   54 sentencia_entrada: ENTRADA . lista_variables FINLINEA

    IDENTIFICADOR  desplazar e ir al estado 55

    lista_variables  ir al estado 56


Estado 17

   44 nombre_var: IDENTIFICADOR .
   45           | IDENTIFICADOR . ABRIRCORCHETE expresion CERRARCORCHETE
   46           | IDENTIFICADOR . ABRIRCORCHETE expresion CERRARCORCHETE ABRIRCORCHETE expresion CERRARCORCHETE

    ABRIRCORCHETE  desplazar e ir al estado 57

    $default  reduce usando la regla 44 (nombre_var)


Estado 18

    3 bloque: ini_bloque declar_de_variables_locales . declar_de_subprogs sentencias fin_bloque
    4       | ini_bloque declar_de_variables_locales . sentencias fin_bloque

    error          desplazar e ir al estado 8
    TIPO           desplazar e ir al estado 9
    CONDICION      desplazar e ir al estado 10
    CICLO          desplazar e ir al estado 11
    OPCION         desplazar e ir al estado 12
    SALIDA         desplazar e ir al estado 13
    RETURN         desplazar e ir al estado 14
    ENTRADA        desplazar e ir al estado 16
    IDENTIFICADOR  desplazar e ir al estado 17

    INIBLOQUE  reduce usando la regla 33 ($@3)

    declar_de_subprogs    ir al estado 58
    declar_subprogs       ir al estado 20
    cabecera_subprograma  ir al estado 21
    sentencias            ir al estado 59
    sentencia             ir al estado 23
    $@3                   ir al estado 24
    sentencia_asignacion  ir al estado 25
    nombre_var            ir al estado 26
    sentencia_if          ir al estado 27
    sentencia_while       ir al estado 28
    sentencia_entrada     ir al estado 29
    sentencia_salida      ir al estado 30
    sentencia_return      ir al estado 31
    sentencia_switch      ir al estado 32


Estado 19

    5 bloque: ini_bloque declar_de_subprogs . fin_bloque
   21 declar_de_subprogs: declar_de_subprogs . declar_subprogs

    TIPO       desplazar e ir al estado 9
    FINBLOQUE  desplazar e ir al estado 60

    fin_bloque            ir al estado 61
    declar_subprogs       ir al estado 62
    cabecera_subprograma  ir al estado 21


Estado 20

   22 declar_de_subprogs: declar_subprogs .

    $default  reduce usando la regla 22 (declar_de_subprogs)


Estado 21

   24 declar_subprogs: cabecera_subprograma . $@2 bloque

    $default  reduce usando la regla 23 ($@2)

    $@2  ir al estado 63


Estado 22

    6 bloque: ini_bloque sentencias . fin_bloque
   31 sentencias: sentencias . sentencia

    error          desplazar e ir al estado 8
    CONDICION      desplazar e ir al estado 10
    CICLO          desplazar e ir al estado 11
    OPCION         desplazar e ir al estado 12
    SALIDA         desplazar e ir al estado 13
    RETURN         desplazar e ir al estado 14
    FINBLOQUE      desplazar e ir al estado 60
    ENTRADA        desplazar e ir al estado 16
    IDENTIFICADOR  desplazar e ir al estado 17

    INIBLOQUE  reduce usando la regla 33 ($@3)

    fin_bloque            ir al estado 64
    sentencia             ir al estado 65
    $@3                   ir al estado 24
    sentencia_asignacion  ir al estado 25
    nombre_var            ir al estado 26
    sentencia_if          ir al estado 27
    sentencia_while       ir al estado 28
    sentencia_entrada     ir al estado 29
    sentencia_salida      ir al estado 30
    sentencia_return      ir al estado 31
    sentencia_switch      ir al estado 32


Estado 23

   32 sentencias: sentencia .

    $default  reduce usando la regla 32 (sentencias)


Estado 24

   34 sentencia: $@3 . bloque

    INIBLOQUE  desplazar e ir al estado 5

    bloque      ir al estado 66
    ini_bloque  ir al estado 7


Estado 25

   35 sentencia: sentencia_asignacion .

    $default  reduce usando la regla 35 (sentencia)


Estado 26

   43 sentencia_asignacion: nombre_var . ASIGNACION expresion FINLINEA

    ASIGNACION  desplazar e ir al estado 67


Estado 27

   36 sentencia: sentencia_if .

    $default  reduce usando la regla 36 (sentencia)


Estado 28

   37 sentencia: sentencia_while .

    $default  reduce usando la regla 37 (sentencia)


Estado 29

   38 sentencia: sentencia_entrada .

    $default  reduce usando la regla 38 (sentencia)


Estado 30

   39 sentencia: sentencia_salida .

    $default  reduce usando la regla 39 (sentencia)


Estado 31

   40 sentencia: sentencia_return .

    $default  reduce usando la regla 40 (sentencia)


Estado 32

   41 sentencia: sentencia_switch .

    $default  reduce usando la regla 41 (sentencia)


Estado 33

   25 cabecera_subprograma: TIPO IDENTIFICADOR . PARENTESISABIERTO lista_de_parametros PARENTESISCERRADO

    PARENTESISABIERTO  desplazar e ir al estado 68


Estado 34

   48 sentencia_if: CONDICION PARENTESISABIERTO . expresion $@4 PARENTESISCERRADO sentencia
   51             | CONDICION PARENTESISABIERTO . expresion PARENTESISCERRADO $@5 sentencia SUBCONDICION $@6 sentencia

    CONSTANTES         desplazar e ir al estado 37
    OPSUMARESTA        desplazar e ir al estado 38
    ENTERO             desplazar e ir al estado 39
    IDENTIFICADOR      desplazar e ir al estado 41
    PARENTESISABIERTO  desplazar e ir al estado 42
    OPUNARIO           desplazar e ir al estado 43

    nombre_var  ir al estado 44
    constante   ir al estado 45
    expresion   ir al estado 69
    funcion     ir al estado 49


Estado 35

   53 sentencia_while: CICLO PARENTESISABIERTO . expresion $@7 PARENTESISCERRADO sentencia

    CONSTANTES         desplazar e ir al estado 37
    OPSUMARESTA        desplazar e ir al estado 38
    ENTERO             desplazar e ir al estado 39
    IDENTIFICADOR      desplazar e ir al estado 41
    PARENTESISABIERTO  desplazar e ir al estado 42
    OPUNARIO           desplazar e ir al estado 43

    nombre_var  ir al estado 44
    constante   ir al estado 45
    expresion   ir al estado 70
    funcion     ir al estado 49


Estado 36

   59 sentencia_switch: OPCION PARENTESISABIERTO . expresion PARENTESISCERRADO ini_bloque sentencia_case fin_bloque
   60                 | OPCION PARENTESISABIERTO . expresion PARENTESISCERRADO ini_bloque sentencia_case default fin_bloque

    CONSTANTES         desplazar e ir al estado 37
    OPSUMARESTA        desplazar e ir al estado 38
    ENTERO             desplazar e ir al estado 39
    IDENTIFICADOR      desplazar e ir al estado 41
    PARENTESISABIERTO  desplazar e ir al estado 42
    OPUNARIO           desplazar e ir al estado 43

    nombre_var  ir al estado 44
    constante   ir al estado 45
    expresion   ir al estado 71
    funcion     ir al estado 49


Estado 37

   67 constante: CONSTANTES .

    $default  reduce usando la regla 67 (constante)


Estado 38

   75 expresion: OPSUMARESTA . expresion

    CONSTANTES         desplazar e ir al estado 37
    OPSUMARESTA        desplazar e ir al estado 38
    ENTERO             desplazar e ir al estado 39
    IDENTIFICADOR      desplazar e ir al estado 41
    PARENTESISABIERTO  desplazar e ir al estado 42
    OPUNARIO           desplazar e ir al estado 43

    nombre_var  ir al estado 44
    constante   ir al estado 45
    expresion   ir al estado 72
    funcion     ir al estado 49


Estado 39

   66 constante: ENTERO .

    $default  reduce usando la regla 66 (constante)


Estado 40

   73 exp_cadena: CADENA .

    $default  reduce usando la regla 73 (exp_cadena)


Estado 41

   44 nombre_var: IDENTIFICADOR .
   45           | IDENTIFICADOR . ABRIRCORCHETE expresion CERRARCORCHETE
   46           | IDENTIFICADOR . ABRIRCORCHETE expresion CERRARCORCHETE ABRIRCORCHETE expresion CERRARCORCHETE
   87 funcion: IDENTIFICADOR . $@8 PARENTESISABIERTO lista_exp PARENTESISCERRADO

    ABRIRCORCHETE  desplazar e ir al estado 57

    PARENTESISABIERTO  reduce usando la regla 86 ($@8)
    $default           reduce usando la regla 44 (nombre_var)

    $@8  ir al estado 73


Estado 42

   74 expresion: PARENTESISABIERTO . expresion PARENTESISCERRADO

    CONSTANTES         desplazar e ir al estado 37
    OPSUMARESTA        desplazar e ir al estado 38
    ENTERO             desplazar e ir al estado 39
    IDENTIFICADOR      desplazar e ir al estado 41
    PARENTESISABIERTO  desplazar e ir al estado 42
    OPUNARIO           desplazar e ir al estado 43

    nombre_var  ir al estado 44
    constante   ir al estado 45
    expresion   ir al estado 74
    funcion     ir al estado 49


Estado 43

   76 expresion: OPUNARIO . expresion

    CONSTANTES         desplazar e ir al estado 37
    OPSUMARESTA        desplazar e ir al estado 38
    ENTERO             desplazar e ir al estado 39
    IDENTIFICADOR      desplazar e ir al estado 41
    PARENTESISABIERTO  desplazar e ir al estado 42
    OPUNARIO           desplazar e ir al estado 43

    nombre_var  ir al estado 44
    constante   ir al estado 45
    expresion   ir al estado 75
    funcion     ir al estado 49


Estado 44

   83 expresion: nombre_var .

    $default  reduce usando la regla 83 (expresion)


Estado 45

   84 expresion: constante .

    $default  reduce usando la regla 84 (expresion)


Estado 46

   57 sentencia_salida: SALIDA lista_exp_cadena . FINLINEA
   70 lista_exp_cadena: lista_exp_cadena . COMA exp_cadena

    COMA      desplazar e ir al estado 76
    FINLINEA  desplazar e ir al estado 77


Estado 47

   71 lista_exp_cadena: exp_cadena .

    $default  reduce usando la regla 71 (lista_exp_cadena)


Estado 48

   72 exp_cadena: expresion .
   77 expresion: expresion . OPBINARIOS expresion
   78          | expresion . OPSUMARESTA expresion
   79          | expresion . OPBINARIOS_MULTI expresion
   80          | expresion . OPBINARIOS_IGUALDAD expresion
   81          | expresion . OPBINARIOS_OR expresion
   82          | expresion . OPBINARIOS_AND expresion

    OPBINARIOS           desplazar e ir al estado 78
    OPSUMARESTA          desplazar e ir al estado 79
    OPBINARIOS_OR        desplazar e ir al estado 80
    OPBINARIOS_AND       desplazar e ir al estado 81
    OPBINARIOS_IGUALDAD  desplazar e ir al estado 82
    OPBINARIOS_MULTI     desplazar e ir al estado 83

    $default  reduce usando la regla 72 (exp_cadena)


Estado 49

   85 expresion: funcion .

    $default  reduce usando la regla 85 (expresion)


Estado 50

   58 sentencia_return: RETURN expresion . FINLINEA
   77 expresion: expresion . OPBINARIOS expresion
   78          | expresion . OPSUMARESTA expresion
   79          | expresion . OPBINARIOS_MULTI expresion
   80          | expresion . OPBINARIOS_IGUALDAD expresion
   81          | expresion . OPBINARIOS_OR expresion
   82          | expresion . OPBINARIOS_AND expresion

    FINLINEA             desplazar e ir al estado 84
    OPBINARIOS           desplazar e ir al estado 78
    OPSUMARESTA          desplazar e ir al estado 79
    OPBINARIOS_OR        desplazar e ir al estado 80
    OPBINARIOS_AND       desplazar e ir al estado 81
    OPBINARIOS_IGUALDAD  desplazar e ir al estado 82
    OPBINARIOS_MULTI     desplazar e ir al estado 83


Estado 51

   14 cuerpo_de_variables: error .

    $default  reduce usando la regla 14 (cuerpo_de_variables)


Estado 52

   12 cuerpo_de_variables: TIPO . lista_identificador FINLINEA
   13                    | TIPO . lista_identificador_array FINLINEA

    IDENTIFICADOR  desplazar e ir al estado 85

    lista_identificador_array  ir al estado 86
    identificador_array        ir al estado 87
    lista_identificador        ir al estado 88


Estado 53

    9 declar_de_variables_locales: INICIOVARIABLES variables . FINVARIABLES
   11 variables: variables . cuerpo_de_variables

    error         desplazar e ir al estado 51
    TIPO          desplazar e ir al estado 52
    FINVARIABLES  desplazar e ir al estado 89

    cuerpo_de_variables  ir al estado 90


Estado 54

   10 variables: cuerpo_de_variables .

    $default  reduce usando la regla 10 (variables)


Estado 55

   56 lista_variables: IDENTIFICADOR .

    $default  reduce usando la regla 56 (lista_variables)


Estado 56

   54 sentencia_entrada: ENTRADA lista_variables . FINLINEA
   55 lista_variables: lista_variables . COMA IDENTIFICADOR

    COMA      desplazar e ir al estado 91
    FINLINEA  desplazar e ir al estado 92


Estado 57

   45 nombre_var: IDENTIFICADOR ABRIRCORCHETE . expresion CERRARCORCHETE
   46           | IDENTIFICADOR ABRIRCORCHETE . expresion CERRARCORCHETE ABRIRCORCHETE expresion CERRARCORCHETE

    CONSTANTES         desplazar e ir al estado 37
    OPSUMARESTA        desplazar e ir al estado 38
    ENTERO             desplazar e ir al estado 39
    IDENTIFICADOR      desplazar e ir al estado 41
    PARENTESISABIERTO  desplazar e ir al estado 42
    OPUNARIO           desplazar e ir al estado 43

    nombre_var  ir al estado 44
    constante   ir al estado 45
    expresion   ir al estado 93
    funcion     ir al estado 49


Estado 58

    3 bloque: ini_bloque declar_de_variables_locales declar_de_subprogs . sentencias fin_bloque
   21 declar_de_subprogs: declar_de_subprogs . declar_subprogs

    error          desplazar e ir al estado 8
    TIPO           desplazar e ir al estado 9
    CONDICION      desplazar e ir al estado 10
    CICLO          desplazar e ir al estado 11
    OPCION         desplazar e ir al estado 12
    SALIDA         desplazar e ir al estado 13
    RETURN         desplazar e ir al estado 14
    ENTRADA        desplazar e ir al estado 16
    IDENTIFICADOR  desplazar e ir al estado 17

    INIBLOQUE  reduce usando la regla 33 ($@3)

    declar_subprogs       ir al estado 62
    cabecera_subprograma  ir al estado 21
    sentencias            ir al estado 94
    sentencia             ir al estado 23
    $@3                   ir al estado 24
    sentencia_asignacion  ir al estado 25
    nombre_var            ir al estado 26
    sentencia_if          ir al estado 27
    sentencia_while       ir al estado 28
    sentencia_entrada     ir al estado 29
    sentencia_salida      ir al estado 30
    sentencia_return      ir al estado 31
    sentencia_switch      ir al estado 32


Estado 59

    4 bloque: ini_bloque declar_de_variables_locales sentencias . fin_bloque
   31 sentencias: sentencias . sentencia

    error          desplazar e ir al estado 8
    CONDICION      desplazar e ir al estado 10
    CICLO          desplazar e ir al estado 11
    OPCION         desplazar e ir al estado 12
    SALIDA         desplazar e ir al estado 13
    RETURN         desplazar e ir al estado 14
    FINBLOQUE      desplazar e ir al estado 60
    ENTRADA        desplazar e ir al estado 16
    IDENTIFICADOR  desplazar e ir al estado 17

    INIBLOQUE  reduce usando la regla 33 ($@3)

    fin_bloque            ir al estado 95
    sentencia             ir al estado 65
    $@3                   ir al estado 24
    sentencia_asignacion  ir al estado 25
    nombre_var            ir al estado 26
    sentencia_if          ir al estado 27
    sentencia_while       ir al estado 28
    sentencia_entrada     ir al estado 29
    sentencia_salida      ir al estado 30
    sentencia_return      ir al estado 31
    sentencia_switch      ir al estado 32


Estado 60

    8 fin_bloque: FINBLOQUE .

    $default  reduce usando la regla 8 (fin_bloque)


Estado 61

    5 bloque: ini_bloque declar_de_subprogs fin_bloque .

    $default  reduce usando la regla 5 (bloque)


Estado 62

   21 declar_de_subprogs: declar_de_subprogs declar_subprogs .

    $default  reduce usando la regla 21 (declar_de_subprogs)


Estado 63

   24 declar_subprogs: cabecera_subprograma $@2 . bloque

    INIBLOQUE  desplazar e ir al estado 5

    bloque      ir al estado 96
    ini_bloque  ir al estado 7


Estado 64

    6 bloque: ini_bloque sentencias fin_bloque .

    $default  reduce usando la regla 6 (bloque)


Estado 65

   31 sentencias: sentencias sentencia .

    $default  reduce usando la regla 31 (sentencias)


Estado 66

   34 sentencia: $@3 bloque .

    $default  reduce usando la regla 34 (sentencia)


Estado 67

   43 sentencia_asignacion: nombre_var ASIGNACION . expresion FINLINEA

    CONSTANTES         desplazar e ir al estado 37
    OPSUMARESTA        desplazar e ir al estado 38
    ENTERO             desplazar e ir al estado 39
    IDENTIFICADOR      desplazar e ir al estado 41
    PARENTESISABIERTO  desplazar e ir al estado 42
    OPUNARIO           desplazar e ir al estado 43

    nombre_var  ir al estado 44
    constante   ir al estado 45
    expresion   ir al estado 97
    funcion     ir al estado 49


Estado 68

   25 cabecera_subprograma: TIPO IDENTIFICADOR PARENTESISABIERTO . lista_de_parametros PARENTESISCERRADO

    error  desplazar e ir al estado 98
    TIPO   desplazar e ir al estado 99

    lista_de_parametros  ir al estado 100


Estado 69

   48 sentencia_if: CONDICION PARENTESISABIERTO expresion . $@4 PARENTESISCERRADO sentencia
   51             | CONDICION PARENTESISABIERTO expresion . PARENTESISCERRADO $@5 sentencia SUBCONDICION $@6 sentencia
   77 expresion: expresion . OPBINARIOS expresion
   78          | expresion . OPSUMARESTA expresion
   79          | expresion . OPBINARIOS_MULTI expresion
   80          | expresion . OPBINARIOS_IGUALDAD expresion
   81          | expresion . OPBINARIOS_OR expresion
   82          | expresion . OPBINARIOS_AND expresion

    PARENTESISCERRADO    desplazar e ir al estado 101
    OPBINARIOS           desplazar e ir al estado 78
    OPSUMARESTA          desplazar e ir al estado 79
    OPBINARIOS_OR        desplazar e ir al estado 80
    OPBINARIOS_AND       desplazar e ir al estado 81
    OPBINARIOS_IGUALDAD  desplazar e ir al estado 82
    OPBINARIOS_MULTI     desplazar e ir al estado 83

    PARENTESISCERRADO  [reduce usando la regla 47 ($@4)]

    $@4  ir al estado 102


Estado 70

   53 sentencia_while: CICLO PARENTESISABIERTO expresion . $@7 PARENTESISCERRADO sentencia
   77 expresion: expresion . OPBINARIOS expresion
   78          | expresion . OPSUMARESTA expresion
   79          | expresion . OPBINARIOS_MULTI expresion
   80          | expresion . OPBINARIOS_IGUALDAD expresion
   81          | expresion . OPBINARIOS_OR expresion
   82          | expresion . OPBINARIOS_AND expresion

    OPBINARIOS           desplazar e ir al estado 78
    OPSUMARESTA          desplazar e ir al estado 79
    OPBINARIOS_OR        desplazar e ir al estado 80
    OPBINARIOS_AND       desplazar e ir al estado 81
    OPBINARIOS_IGUALDAD  desplazar e ir al estado 82
    OPBINARIOS_MULTI     desplazar e ir al estado 83

    $default  reduce usando la regla 52 ($@7)

    $@7  ir al estado 103


Estado 71

   59 sentencia_switch: OPCION PARENTESISABIERTO expresion . PARENTESISCERRADO ini_bloque sentencia_case fin_bloque
   60                 | OPCION PARENTESISABIERTO expresion . PARENTESISCERRADO ini_bloque sentencia_case default fin_bloque
   77 expresion: expresion . OPBINARIOS expresion
   78          | expresion . OPSUMARESTA expresion
   79          | expresion . OPBINARIOS_MULTI expresion
   80          | expresion . OPBINARIOS_IGUALDAD expresion
   81          | expresion . OPBINARIOS_OR expresion
   82          | expresion . OPBINARIOS_AND expresion

    PARENTESISCERRADO    desplazar e ir al estado 104
    OPBINARIOS           desplazar e ir al estado 78
    OPSUMARESTA          desplazar e ir al estado 79
    OPBINARIOS_OR        desplazar e ir al estado 80
    OPBINARIOS_AND       desplazar e ir al estado 81
    OPBINARIOS_IGUALDAD  desplazar e ir al estado 82
    OPBINARIOS_MULTI     desplazar e ir al estado 83


Estado 72

   75 expresion: OPSUMARESTA expresion .
   77          | expresion . OPBINARIOS expresion
   78          | expresion . OPSUMARESTA expresion
   79          | expresion . OPBINARIOS_MULTI expresion
   80          | expresion . OPBINARIOS_IGUALDAD expresion
   81          | expresion . OPBINARIOS_OR expresion
   82          | expresion . OPBINARIOS_AND expresion

    $default  reduce usando la regla 75 (expresion)


Estado 73

   87 funcion: IDENTIFICADOR $@8 . PARENTESISABIERTO lista_exp PARENTESISCERRADO

    PARENTESISABIERTO  desplazar e ir al estado 105


Estado 74

   74 expresion: PARENTESISABIERTO expresion . PARENTESISCERRADO
   77          | expresion . OPBINARIOS expresion
   78          | expresion . OPSUMARESTA expresion
   79          | expresion . OPBINARIOS_MULTI expresion
   80          | expresion . OPBINARIOS_IGUALDAD expresion
   81          | expresion . OPBINARIOS_OR expresion
   82          | expresion . OPBINARIOS_AND expresion

    PARENTESISCERRADO    desplazar e ir al estado 106
    OPBINARIOS           desplazar e ir al estado 78
    OPSUMARESTA          desplazar e ir al estado 79
    OPBINARIOS_OR        desplazar e ir al estado 80
    OPBINARIOS_AND       desplazar e ir al estado 81
    OPBINARIOS_IGUALDAD  desplazar e ir al estado 82
    OPBINARIOS_MULTI     desplazar e ir al estado 83


Estado 75

   76 expresion: OPUNARIO expresion .
   77          | expresion . OPBINARIOS expresion
   78          | expresion . OPSUMARESTA expresion
   79          | expresion . OPBINARIOS_MULTI expresion
   80          | expresion . OPBINARIOS_IGUALDAD expresion
   81          | expresion . OPBINARIOS_OR expresion
   82          | expresion . OPBINARIOS_AND expresion

    $default  reduce usando la regla 76 (expresion)


Estado 76

   70 lista_exp_cadena: lista_exp_cadena COMA . exp_cadena

    CONSTANTES         desplazar e ir al estado 37
    OPSUMARESTA        desplazar e ir al estado 38
    ENTERO             desplazar e ir al estado 39
    CADENA             desplazar e ir al estado 40
    IDENTIFICADOR      desplazar e ir al estado 41
    PARENTESISABIERTO  desplazar e ir al estado 42
    OPUNARIO           desplazar e ir al estado 43

    nombre_var  ir al estado 44
    constante   ir al estado 45
    exp_cadena  ir al estado 107
    expresion   ir al estado 48
    funcion     ir al estado 49


Estado 77

   57 sentencia_salida: SALIDA lista_exp_cadena FINLINEA .

    $default  reduce usando la regla 57 (sentencia_salida)


Estado 78

   77 expresion: expresion OPBINARIOS . expresion

    CONSTANTES         desplazar e ir al estado 37
    OPSUMARESTA        desplazar e ir al estado 38
    ENTERO             desplazar e ir al estado 39
    IDENTIFICADOR      desplazar e ir al estado 41
    PARENTESISABIERTO  desplazar e ir al estado 42
    OPUNARIO           desplazar e ir al estado 43

    nombre_var  ir al estado 44
    constante   ir al estado 45
    expresion   ir al estado 108
    funcion     ir al estado 49


Estado 79

   78 expresion: expresion OPSUMARESTA . expresion

    CONSTANTES         desplazar e ir al estado 37
    OPSUMARESTA        desplazar e ir al estado 38
    ENTERO             desplazar e ir al estado 39
    IDENTIFICADOR      desplazar e ir al estado 41
    PARENTESISABIERTO  desplazar e ir al estado 42
    OPUNARIO           desplazar e ir al estado 43

    nombre_var  ir al estado 44
    constante   ir al estado 45
    expresion   ir al estado 109
    funcion     ir al estado 49


Estado 80

   81 expresion: expresion OPBINARIOS_OR . expresion

    CONSTANTES         desplazar e ir al estado 37
    OPSUMARESTA        desplazar e ir al estado 38
    ENTERO             desplazar e ir al estado 39
    IDENTIFICADOR      desplazar e ir al estado 41
    PARENTESISABIERTO  desplazar e ir al estado 42
    OPUNARIO           desplazar e ir al estado 43

    nombre_var  ir al estado 44
    constante   ir al estado 45
    expresion   ir al estado 110
    funcion     ir al estado 49


Estado 81

   82 expresion: expresion OPBINARIOS_AND . expresion

    CONSTANTES         desplazar e ir al estado 37
    OPSUMARESTA        desplazar e ir al estado 38
    ENTERO             desplazar e ir al estado 39
    IDENTIFICADOR      desplazar e ir al estado 41
    PARENTESISABIERTO  desplazar e ir al estado 42
    OPUNARIO           desplazar e ir al estado 43

    nombre_var  ir al estado 44
    constante   ir al estado 45
    expresion   ir al estado 111
    funcion     ir al estado 49


Estado 82

   80 expresion: expresion OPBINARIOS_IGUALDAD . expresion

    CONSTANTES         desplazar e ir al estado 37
    OPSUMARESTA        desplazar e ir al estado 38
    ENTERO             desplazar e ir al estado 39
    IDENTIFICADOR      desplazar e ir al estado 41
    PARENTESISABIERTO  desplazar e ir al estado 42
    OPUNARIO           desplazar e ir al estado 43

    nombre_var  ir al estado 44
    constante   ir al estado 45
    expresion   ir al estado 112
    funcion     ir al estado 49


Estado 83

   79 expresion: expresion OPBINARIOS_MULTI . expresion

    CONSTANTES         desplazar e ir al estado 37
    OPSUMARESTA        desplazar e ir al estado 38
    ENTERO             desplazar e ir al estado 39
    IDENTIFICADOR      desplazar e ir al estado 41
    PARENTESISABIERTO  desplazar e ir al estado 42
    OPUNARIO           desplazar e ir al estado 43

    nombre_var  ir al estado 44
    constante   ir al estado 45
    expresion   ir al estado 113
    funcion     ir al estado 49


Estado 84

   58 sentencia_return: RETURN expresion FINLINEA .

    $default  reduce usando la regla 58 (sentencia_return)


Estado 85

   17 identificador_array: IDENTIFICADOR . ABRIRCORCHETE ENTERO CERRARCORCHETE
   18                    | IDENTIFICADOR . ABRIRCORCHETE ENTERO CERRARCORCHETE ABRIRCORCHETE ENTERO CERRARCORCHETE
   20 lista_identificador: IDENTIFICADOR .

    ABRIRCORCHETE  desplazar e ir al estado 114

    $default  reduce usando la regla 20 (lista_identificador)


Estado 86

   13 cuerpo_de_variables: TIPO lista_identificador_array . FINLINEA
   15 lista_identificador_array: lista_identificador_array . COMA identificador_array

    COMA      desplazar e ir al estado 115
    FINLINEA  desplazar e ir al estado 116


Estado 87

   16 lista_identificador_array: identificador_array .

    $default  reduce usando la regla 16 (lista_identificador_array)


Estado 88

   12 cuerpo_de_variables: TIPO lista_identificador . FINLINEA
   19 lista_identificador: lista_identificador . COMA IDENTIFICADOR

    COMA      desplazar e ir al estado 117
    FINLINEA  desplazar e ir al estado 118


Estado 89

    9 declar_de_variables_locales: INICIOVARIABLES variables FINVARIABLES .

    $default  reduce usando la regla 9 (declar_de_variables_locales)


Estado 90

   11 variables: variables cuerpo_de_variables .

    $default  reduce usando la regla 11 (variables)


Estado 91

   55 lista_variables: lista_variables COMA . IDENTIFICADOR

    IDENTIFICADOR  desplazar e ir al estado 119


Estado 92

   54 sentencia_entrada: ENTRADA lista_variables FINLINEA .

    $default  reduce usando la regla 54 (sentencia_entrada)


Estado 93

   45 nombre_var: IDENTIFICADOR ABRIRCORCHETE expresion . CERRARCORCHETE
   46           | IDENTIFICADOR ABRIRCORCHETE expresion . CERRARCORCHETE ABRIRCORCHETE expresion CERRARCORCHETE
   77 expresion: expresion . OPBINARIOS expresion
   78          | expresion . OPSUMARESTA expresion
   79          | expresion . OPBINARIOS_MULTI expresion
   80          | expresion . OPBINARIOS_IGUALDAD expresion
   81          | expresion . OPBINARIOS_OR expresion
   82          | expresion . OPBINARIOS_AND expresion

    CERRARCORCHETE       desplazar e ir al estado 120
    OPBINARIOS           desplazar e ir al estado 78
    OPSUMARESTA          desplazar e ir al estado 79
    OPBINARIOS_OR        desplazar e ir al estado 80
    OPBINARIOS_AND       desplazar e ir al estado 81
    OPBINARIOS_IGUALDAD  desplazar e ir al estado 82
    OPBINARIOS_MULTI     desplazar e ir al estado 83


Estado 94

    3 bloque: ini_bloque declar_de_variables_locales declar_de_subprogs sentencias . fin_bloque
   31 sentencias: sentencias . sentencia

    error          desplazar e ir al estado 8
    CONDICION      desplazar e ir al estado 10
    CICLO          desplazar e ir al estado 11
    OPCION         desplazar e ir al estado 12
    SALIDA         desplazar e ir al estado 13
    RETURN         desplazar e ir al estado 14
    FINBLOQUE      desplazar e ir al estado 60
    ENTRADA        desplazar e ir al estado 16
    IDENTIFICADOR  desplazar e ir al estado 17

    INIBLOQUE  reduce usando la regla 33 ($@3)

    fin_bloque            ir al estado 121
    sentencia             ir al estado 65
    $@3                   ir al estado 24
    sentencia_asignacion  ir al estado 25
    nombre_var            ir al estado 26
    sentencia_if          ir al estado 27
    sentencia_while       ir al estado 28
    sentencia_entrada     ir al estado 29
    sentencia_salida      ir al estado 30
    sentencia_return      ir al estado 31
    sentencia_switch      ir al estado 32


Estado 95

    4 bloque: ini_bloque declar_de_variables_locales sentencias fin_bloque .

    $default  reduce usando la regla 4 (bloque)


Estado 96

   24 declar_subprogs: cabecera_subprograma $@2 bloque .

    $default  reduce usando la regla 24 (declar_subprogs)


Estado 97

   43 sentencia_asignacion: nombre_var ASIGNACION expresion . FINLINEA
   77 expresion: expresion . OPBINARIOS expresion
   78          | expresion . OPSUMARESTA expresion
   79          | expresion . OPBINARIOS_MULTI expresion
   80          | expresion . OPBINARIOS_IGUALDAD expresion
   81          | expresion . OPBINARIOS_OR expresion
   82          | expresion . OPBINARIOS_AND expresion

    FINLINEA             desplazar e ir al estado 122
    OPBINARIOS           desplazar e ir al estado 78
    OPSUMARESTA          desplazar e ir al estado 79
    OPBINARIOS_OR        desplazar e ir al estado 80
    OPBINARIOS_AND       desplazar e ir al estado 81
    OPBINARIOS_IGUALDAD  desplazar e ir al estado 82
    OPBINARIOS_MULTI     desplazar e ir al estado 83


Estado 98

   30 lista_de_parametros: error .

    $default  reduce usando la regla 30 (lista_de_parametros)


Estado 99

   28 lista_de_parametros: TIPO . IDENTIFICADOR
   29                    | TIPO . identificador_array

    IDENTIFICADOR  desplazar e ir al estado 123

    identificador_array  ir al estado 124


Estado 100

   25 cabecera_subprograma: TIPO IDENTIFICADOR PARENTESISABIERTO lista_de_parametros . PARENTESISCERRADO
   26 lista_de_parametros: lista_de_parametros . COMA TIPO IDENTIFICADOR
   27                    | lista_de_parametros . COMA TIPO identificador_array

    PARENTESISCERRADO  desplazar e ir al estado 125
    COMA               desplazar e ir al estado 126


Estado 101

   51 sentencia_if: CONDICION PARENTESISABIERTO expresion PARENTESISCERRADO . $@5 sentencia SUBCONDICION $@6 sentencia

    $default  reduce usando la regla 49 ($@5)

    $@5  ir al estado 127


Estado 102

   48 sentencia_if: CONDICION PARENTESISABIERTO expresion $@4 . PARENTESISCERRADO sentencia

    PARENTESISCERRADO  desplazar e ir al estado 128


Estado 103

   53 sentencia_while: CICLO PARENTESISABIERTO expresion $@7 . PARENTESISCERRADO sentencia

    PARENTESISCERRADO  desplazar e ir al estado 129


Estado 104

   59 sentencia_switch: OPCION PARENTESISABIERTO expresion PARENTESISCERRADO . ini_bloque sentencia_case fin_bloque
   60                 | OPCION PARENTESISABIERTO expresion PARENTESISCERRADO . ini_bloque sentencia_case default fin_bloque

    INIBLOQUE  desplazar e ir al estado 5

    ini_bloque  ir al estado 130


Estado 105

   87 funcion: IDENTIFICADOR $@8 PARENTESISABIERTO . lista_exp PARENTESISCERRADO

    CONSTANTES         desplazar e ir al estado 37
    OPSUMARESTA        desplazar e ir al estado 38
    ENTERO             desplazar e ir al estado 39
    IDENTIFICADOR      desplazar e ir al estado 41
    PARENTESISABIERTO  desplazar e ir al estado 42
    OPUNARIO           desplazar e ir al estado 43

    nombre_var  ir al estado 44
    constante   ir al estado 45
    lista_exp   ir al estado 131
    expresion   ir al estado 132
    funcion     ir al estado 49


Estado 106

   74 expresion: PARENTESISABIERTO expresion PARENTESISCERRADO .

    $default  reduce usando la regla 74 (expresion)


Estado 107

   70 lista_exp_cadena: lista_exp_cadena COMA exp_cadena .

    $default  reduce usando la regla 70 (lista_exp_cadena)


Estado 108

   77 expresion: expresion . OPBINARIOS expresion
   77          | expresion OPBINARIOS expresion .
   78          | expresion . OPSUMARESTA expresion
   79          | expresion . OPBINARIOS_MULTI expresion
   80          | expresion . OPBINARIOS_IGUALDAD expresion
   81          | expresion . OPBINARIOS_OR expresion
   82          | expresion . OPBINARIOS_AND expresion

    OPSUMARESTA       desplazar e ir al estado 79
    OPBINARIOS_MULTI  desplazar e ir al estado 83

    $default  reduce usando la regla 77 (expresion)


Estado 109

   77 expresion: expresion . OPBINARIOS expresion
   78          | expresion . OPSUMARESTA expresion
   78          | expresion OPSUMARESTA expresion .
   79          | expresion . OPBINARIOS_MULTI expresion
   80          | expresion . OPBINARIOS_IGUALDAD expresion
   81          | expresion . OPBINARIOS_OR expresion
   82          | expresion . OPBINARIOS_AND expresion

    OPBINARIOS_MULTI  desplazar e ir al estado 83

    $default  reduce usando la regla 78 (expresion)


Estado 110

   77 expresion: expresion . OPBINARIOS expresion
   78          | expresion . OPSUMARESTA expresion
   79          | expresion . OPBINARIOS_MULTI expresion
   80          | expresion . OPBINARIOS_IGUALDAD expresion
   81          | expresion . OPBINARIOS_OR expresion
   81          | expresion OPBINARIOS_OR expresion .
   82          | expresion . OPBINARIOS_AND expresion

    OPBINARIOS           desplazar e ir al estado 78
    OPSUMARESTA          desplazar e ir al estado 79
    OPBINARIOS_AND       desplazar e ir al estado 81
    OPBINARIOS_IGUALDAD  desplazar e ir al estado 82
    OPBINARIOS_MULTI     desplazar e ir al estado 83

    $default  reduce usando la regla 81 (expresion)


Estado 111

   77 expresion: expresion . OPBINARIOS expresion
   78          | expresion . OPSUMARESTA expresion
   79          | expresion . OPBINARIOS_MULTI expresion
   80          | expresion . OPBINARIOS_IGUALDAD expresion
   81          | expresion . OPBINARIOS_OR expresion
   82          | expresion . OPBINARIOS_AND expresion
   82          | expresion OPBINARIOS_AND expresion .

    OPBINARIOS           desplazar e ir al estado 78
    OPSUMARESTA          desplazar e ir al estado 79
    OPBINARIOS_IGUALDAD  desplazar e ir al estado 82
    OPBINARIOS_MULTI     desplazar e ir al estado 83

    $default  reduce usando la regla 82 (expresion)


Estado 112

   77 expresion: expresion . OPBINARIOS expresion
   78          | expresion . OPSUMARESTA expresion
   79          | expresion . OPBINARIOS_MULTI expresion
   80          | expresion . OPBINARIOS_IGUALDAD expresion
   80          | expresion OPBINARIOS_IGUALDAD expresion .
   81          | expresion . OPBINARIOS_OR expresion
   82          | expresion . OPBINARIOS_AND expresion

    OPBINARIOS        desplazar e ir al estado 78
    OPSUMARESTA       desplazar e ir al estado 79
    OPBINARIOS_MULTI  desplazar e ir al estado 83

    $default  reduce usando la regla 80 (expresion)


Estado 113

   77 expresion: expresion . OPBINARIOS expresion
   78          | expresion . OPSUMARESTA expresion
   79          | expresion . OPBINARIOS_MULTI expresion
   79          | expresion OPBINARIOS_MULTI expresion .
   80          | expresion . OPBINARIOS_IGUALDAD expresion
   81          | expresion . OPBINARIOS_OR expresion
   82          | expresion . OPBINARIOS_AND expresion

    $default  reduce usando la regla 79 (expresion)


Estado 114

   17 identificador_array: IDENTIFICADOR ABRIRCORCHETE . ENTERO CERRARCORCHETE
   18                    | IDENTIFICADOR ABRIRCORCHETE . ENTERO CERRARCORCHETE ABRIRCORCHETE ENTERO CERRARCORCHETE

    ENTERO  desplazar e ir al estado 133


Estado 115

   15 lista_identificador_array: lista_identificador_array COMA . identificador_array

    IDENTIFICADOR  desplazar e ir al estado 134

    identificador_array  ir al estado 135


Estado 116

   13 cuerpo_de_variables: TIPO lista_identificador_array FINLINEA .

    $default  reduce usando la regla 13 (cuerpo_de_variables)


Estado 117

   19 lista_identificador: lista_identificador COMA . IDENTIFICADOR

    IDENTIFICADOR  desplazar e ir al estado 136


Estado 118

   12 cuerpo_de_variables: TIPO lista_identificador FINLINEA .

    $default  reduce usando la regla 12 (cuerpo_de_variables)


Estado 119

   55 lista_variables: lista_variables COMA IDENTIFICADOR .

    $default  reduce usando la regla 55 (lista_variables)


Estado 120

   45 nombre_var: IDENTIFICADOR ABRIRCORCHETE expresion CERRARCORCHETE .
   46           | IDENTIFICADOR ABRIRCORCHETE expresion CERRARCORCHETE . ABRIRCORCHETE expresion CERRARCORCHETE

    ABRIRCORCHETE  desplazar e ir al estado 137

    $default  reduce usando la regla 45 (nombre_var)


Estado 121

    3 bloque: ini_bloque declar_de_variables_locales declar_de_subprogs sentencias fin_bloque .

    $default  reduce usando la regla 3 (bloque)


Estado 122

   43 sentencia_asignacion: nombre_var ASIGNACION expresion FINLINEA .

    $default  reduce usando la regla 43 (sentencia_asignacion)


Estado 123

   17 identificador_array: IDENTIFICADOR . ABRIRCORCHETE ENTERO CERRARCORCHETE
   18                    | IDENTIFICADOR . ABRIRCORCHETE ENTERO CERRARCORCHETE ABRIRCORCHETE ENTERO CERRARCORCHETE
   28 lista_de_parametros: TIPO IDENTIFICADOR .

    ABRIRCORCHETE  desplazar e ir al estado 114

    $default  reduce usando la regla 28 (lista_de_parametros)


Estado 124

   29 lista_de_parametros: TIPO identificador_array .

    $default  reduce usando la regla 29 (lista_de_parametros)


Estado 125

   25 cabecera_subprograma: TIPO IDENTIFICADOR PARENTESISABIERTO lista_de_parametros PARENTESISCERRADO .

    $default  reduce usando la regla 25 (cabecera_subprograma)


Estado 126

   26 lista_de_parametros: lista_de_parametros COMA . TIPO IDENTIFICADOR
   27                    | lista_de_parametros COMA . TIPO identificador_array

    TIPO  desplazar e ir al estado 138


Estado 127

   51 sentencia_if: CONDICION PARENTESISABIERTO expresion PARENTESISCERRADO $@5 . sentencia SUBCONDICION $@6 sentencia

    error          desplazar e ir al estado 8
    CONDICION      desplazar e ir al estado 10
    CICLO          desplazar e ir al estado 11
    OPCION         desplazar e ir al estado 12
    SALIDA         desplazar e ir al estado 13
    RETURN         desplazar e ir al estado 14
    ENTRADA        desplazar e ir al estado 16
    IDENTIFICADOR  desplazar e ir al estado 17

    INIBLOQUE  reduce usando la regla 33 ($@3)

    sentencia             ir al estado 139
    $@3                   ir al estado 24
    sentencia_asignacion  ir al estado 25
    nombre_var            ir al estado 26
    sentencia_if          ir al estado 27
    sentencia_while       ir al estado 28
    sentencia_entrada     ir al estado 29
    sentencia_salida      ir al estado 30
    sentencia_return      ir al estado 31
    sentencia_switch      ir al estado 32


Estado 128

   48 sentencia_if: CONDICION PARENTESISABIERTO expresion $@4 PARENTESISCERRADO . sentencia

    error          desplazar e ir al estado 8
    CONDICION      desplazar e ir al estado 10
    CICLO          desplazar e ir al estado 11
    OPCION         desplazar e ir al estado 12
    SALIDA         desplazar e ir al estado 13
    RETURN         desplazar e ir al estado 14
    ENTRADA        desplazar e ir al estado 16
    IDENTIFICADOR  desplazar e ir al estado 17

    INIBLOQUE  reduce usando la regla 33 ($@3)

    sentencia             ir al estado 140
    $@3                   ir al estado 24
    sentencia_asignacion  ir al estado 25
    nombre_var            ir al estado 26
    sentencia_if          ir al estado 27
    sentencia_while       ir al estado 28
    sentencia_entrada     ir al estado 29
    sentencia_salida      ir al estado 30
    sentencia_return      ir al estado 31
    sentencia_switch      ir al estado 32


Estado 129

   53 sentencia_while: CICLO PARENTESISABIERTO expresion $@7 PARENTESISCERRADO . sentencia

    error          desplazar e ir al estado 8
    CONDICION      desplazar e ir al estado 10
    CICLO          desplazar e ir al estado 11
    OPCION         desplazar e ir al estado 12
    SALIDA         desplazar e ir al estado 13
    RETURN         desplazar e ir al estado 14
    ENTRADA        desplazar e ir al estado 16
    IDENTIFICADOR  desplazar e ir al estado 17

    INIBLOQUE  reduce usando la regla 33 ($@3)

    sentencia             ir al estado 141
    $@3                   ir al estado 24
    sentencia_asignacion  ir al estado 25
    nombre_var            ir al estado 26
    sentencia_if          ir al estado 27
    sentencia_while       ir al estado 28
    sentencia_entrada     ir al estado 29
    sentencia_salida      ir al estado 30
    sentencia_return      ir al estado 31
    sentencia_switch      ir al estado 32


Estado 130

   59 sentencia_switch: OPCION PARENTESISABIERTO expresion PARENTESISCERRADO ini_bloque . sentencia_case fin_bloque
   60                 | OPCION PARENTESISABIERTO expresion PARENTESISCERRADO ini_bloque . sentencia_case default fin_bloque

    CASO  desplazar e ir al estado 142

    sentencia_case  ir al estado 143


Estado 131

   87 funcion: IDENTIFICADOR $@8 PARENTESISABIERTO lista_exp . PARENTESISCERRADO

    PARENTESISCERRADO  desplazar e ir al estado 144


Estado 132

   68 lista_exp: expresion . COMA lista_exp
   69          | expresion .
   77 expresion: expresion . OPBINARIOS expresion
   78          | expresion . OPSUMARESTA expresion
   79          | expresion . OPBINARIOS_MULTI expresion
   80          | expresion . OPBINARIOS_IGUALDAD expresion
   81          | expresion . OPBINARIOS_OR expresion
   82          | expresion . OPBINARIOS_AND expresion

    COMA                 desplazar e ir al estado 145
    OPBINARIOS           desplazar e ir al estado 78
    OPSUMARESTA          desplazar e ir al estado 79
    OPBINARIOS_OR        desplazar e ir al estado 80
    OPBINARIOS_AND       desplazar e ir al estado 81
    OPBINARIOS_IGUALDAD  desplazar e ir al estado 82
    OPBINARIOS_MULTI     desplazar e ir al estado 83

    $default  reduce usando la regla 69 (lista_exp)


Estado 133

   17 identificador_array: IDENTIFICADOR ABRIRCORCHETE ENTERO . CERRARCORCHETE
   18                    | IDENTIFICADOR ABRIRCORCHETE ENTERO . CERRARCORCHETE ABRIRCORCHETE ENTERO CERRARCORCHETE

    CERRARCORCHETE  desplazar e ir al estado 146


Estado 134

   17 identificador_array: IDENTIFICADOR . ABRIRCORCHETE ENTERO CERRARCORCHETE
   18                    | IDENTIFICADOR . ABRIRCORCHETE ENTERO CERRARCORCHETE ABRIRCORCHETE ENTERO CERRARCORCHETE

    ABRIRCORCHETE  desplazar e ir al estado 114


Estado 135

   15 lista_identificador_array: lista_identificador_array COMA identificador_array .

    $default  reduce usando la regla 15 (lista_identificador_array)


Estado 136

   19 lista_identificador: lista_identificador COMA IDENTIFICADOR .

    $default  reduce usando la regla 19 (lista_identificador)


Estado 137

   46 nombre_var: IDENTIFICADOR ABRIRCORCHETE expresion CERRARCORCHETE ABRIRCORCHETE . expresion CERRARCORCHETE

    CONSTANTES         desplazar e ir al estado 37
    OPSUMARESTA        desplazar e ir al estado 38
    ENTERO             desplazar e ir al estado 39
    IDENTIFICADOR      desplazar e ir al estado 41
    PARENTESISABIERTO  desplazar e ir al estado 42
    OPUNARIO           desplazar e ir al estado 43

    nombre_var  ir al estado 44
    constante   ir al estado 45
    expresion   ir al estado 147
    funcion     ir al estado 49


Estado 138

   26 lista_de_parametros: lista_de_parametros COMA TIPO . IDENTIFICADOR
   27                    | lista_de_parametros COMA TIPO . identificador_array

    IDENTIFICADOR  desplazar e ir al estado 148

    identificador_array  ir al estado 149


Estado 139

   51 sentencia_if: CONDICION PARENTESISABIERTO expresion PARENTESISCERRADO $@5 sentencia . SUBCONDICION $@6 sentencia

    SUBCONDICION  desplazar e ir al estado 150


Estado 140

   48 sentencia_if: CONDICION PARENTESISABIERTO expresion $@4 PARENTESISCERRADO sentencia .

    $default  reduce usando la regla 48 (sentencia_if)


Estado 141

   53 sentencia_while: CICLO PARENTESISABIERTO expresion $@7 PARENTESISCERRADO sentencia .

    $default  reduce usando la regla 53 (sentencia_while)


Estado 142

   62 sentencia_case: CASO . DOSPUNTOS constante sentencia
   64               | CASO . DOSPUNTOS constante sentencia BREAK FINLINEA

    DOSPUNTOS  desplazar e ir al estado 151


Estado 143

   59 sentencia_switch: OPCION PARENTESISABIERTO expresion PARENTESISCERRADO ini_bloque sentencia_case . fin_bloque
   60                 | OPCION PARENTESISABIERTO expresion PARENTESISCERRADO ini_bloque sentencia_case . default fin_bloque
   61 sentencia_case: sentencia_case . CASO DOSPUNTOS constante sentencia
   63               | sentencia_case . CASO DOSPUNTOS constante sentencia BREAK FINLINEA

    CASO       desplazar e ir al estado 152
    FINBLOQUE  desplazar e ir al estado 60
    DEFAULT    desplazar e ir al estado 153

    fin_bloque  ir al estado 154
    default     ir al estado 155


Estado 144

   87 funcion: IDENTIFICADOR $@8 PARENTESISABIERTO lista_exp PARENTESISCERRADO .

    $default  reduce usando la regla 87 (funcion)


Estado 145

   68 lista_exp: expresion COMA . lista_exp

    CONSTANTES         desplazar e ir al estado 37
    OPSUMARESTA        desplazar e ir al estado 38
    ENTERO             desplazar e ir al estado 39
    IDENTIFICADOR      desplazar e ir al estado 41
    PARENTESISABIERTO  desplazar e ir al estado 42
    OPUNARIO           desplazar e ir al estado 43

    nombre_var  ir al estado 44
    constante   ir al estado 45
    lista_exp   ir al estado 156
    expresion   ir al estado 132
    funcion     ir al estado 49


Estado 146

   17 identificador_array: IDENTIFICADOR ABRIRCORCHETE ENTERO CERRARCORCHETE .
   18                    | IDENTIFICADOR ABRIRCORCHETE ENTERO CERRARCORCHETE . ABRIRCORCHETE ENTERO CERRARCORCHETE

    ABRIRCORCHETE  desplazar e ir al estado 157

    $default  reduce usando la regla 17 (identificador_array)


Estado 147

   46 nombre_var: IDENTIFICADOR ABRIRCORCHETE expresion CERRARCORCHETE ABRIRCORCHETE expresion . CERRARCORCHETE
   77 expresion: expresion . OPBINARIOS expresion
   78          | expresion . OPSUMARESTA expresion
   79          | expresion . OPBINARIOS_MULTI expresion
   80          | expresion . OPBINARIOS_IGUALDAD expresion
   81          | expresion . OPBINARIOS_OR expresion
   82          | expresion . OPBINARIOS_AND expresion

    CERRARCORCHETE       desplazar e ir al estado 158
    OPBINARIOS           desplazar e ir al estado 78
    OPSUMARESTA          desplazar e ir al estado 79
    OPBINARIOS_OR        desplazar e ir al estado 80
    OPBINARIOS_AND       desplazar e ir al estado 81
    OPBINARIOS_IGUALDAD  desplazar e ir al estado 82
    OPBINARIOS_MULTI     desplazar e ir al estado 83


Estado 148

   17 identificador_array: IDENTIFICADOR . ABRIRCORCHETE ENTERO CERRARCORCHETE
   18                    | IDENTIFICADOR . ABRIRCORCHETE ENTERO CERRARCORCHETE ABRIRCORCHETE ENTERO CERRARCORCHETE
   26 lista_de_parametros: lista_de_parametros COMA TIPO IDENTIFICADOR .

    ABRIRCORCHETE  desplazar e ir al estado 114

    $default  reduce usando la regla 26 (lista_de_parametros)


Estado 149

   27 lista_de_parametros: lista_de_parametros COMA TIPO identificador_array .

    $default  reduce usando la regla 27 (lista_de_parametros)


Estado 150

   51 sentencia_if: CONDICION PARENTESISABIERTO expresion PARENTESISCERRADO $@5 sentencia SUBCONDICION . $@6 sentencia

    $default  reduce usando la regla 50 ($@6)

    $@6  ir al estado 159


Estado 151

   62 sentencia_case: CASO DOSPUNTOS . constante sentencia
   64               | CASO DOSPUNTOS . constante sentencia BREAK FINLINEA

    CONSTANTES  desplazar e ir al estado 37
    ENTERO      desplazar e ir al estado 39

    constante  ir al estado 160


Estado 152

   61 sentencia_case: sentencia_case CASO . DOSPUNTOS constante sentencia
   63               | sentencia_case CASO . DOSPUNTOS constante sentencia BREAK FINLINEA

    DOSPUNTOS  desplazar e ir al estado 161


Estado 153

   65 default: DEFAULT . DOSPUNTOS sentencia

    DOSPUNTOS  desplazar e ir al estado 162


Estado 154

   59 sentencia_switch: OPCION PARENTESISABIERTO expresion PARENTESISCERRADO ini_bloque sentencia_case fin_bloque .

    $default  reduce usando la regla 59 (sentencia_switch)


Estado 155

   60 sentencia_switch: OPCION PARENTESISABIERTO expresion PARENTESISCERRADO ini_bloque sentencia_case default . fin_bloque

    FINBLOQUE  desplazar e ir al estado 60

    fin_bloque  ir al estado 163


Estado 156

   68 lista_exp: expresion COMA lista_exp .

    $default  reduce usando la regla 68 (lista_exp)


Estado 157

   18 identificador_array: IDENTIFICADOR ABRIRCORCHETE ENTERO CERRARCORCHETE ABRIRCORCHETE . ENTERO CERRARCORCHETE

    ENTERO  desplazar e ir al estado 164


Estado 158

   46 nombre_var: IDENTIFICADOR ABRIRCORCHETE expresion CERRARCORCHETE ABRIRCORCHETE expresion CERRARCORCHETE .

    $default  reduce usando la regla 46 (nombre_var)


Estado 159

   51 sentencia_if: CONDICION PARENTESISABIERTO expresion PARENTESISCERRADO $@5 sentencia SUBCONDICION $@6 . sentencia

    error          desplazar e ir al estado 8
    CONDICION      desplazar e ir al estado 10
    CICLO          desplazar e ir al estado 11
    OPCION         desplazar e ir al estado 12
    SALIDA         desplazar e ir al estado 13
    RETURN         desplazar e ir al estado 14
    ENTRADA        desplazar e ir al estado 16
    IDENTIFICADOR  desplazar e ir al estado 17

    INIBLOQUE  reduce usando la regla 33 ($@3)

    sentencia             ir al estado 165
    $@3                   ir al estado 24
    sentencia_asignacion  ir al estado 25
    nombre_var            ir al estado 26
    sentencia_if          ir al estado 27
    sentencia_while       ir al estado 28
    sentencia_entrada     ir al estado 29
    sentencia_salida      ir al estado 30
    sentencia_return      ir al estado 31
    sentencia_switch      ir al estado 32


Estado 160

   62 sentencia_case: CASO DOSPUNTOS constante . sentencia
   64               | CASO DOSPUNTOS constante . sentencia BREAK FINLINEA

    error          desplazar e ir al estado 8
    CONDICION      desplazar e ir al estado 10
    CICLO          desplazar e ir al estado 11
    OPCION         desplazar e ir al estado 12
    SALIDA         desplazar e ir al estado 13
    RETURN         desplazar e ir al estado 14
    ENTRADA        desplazar e ir al estado 16
    IDENTIFICADOR  desplazar e ir al estado 17

    INIBLOQUE  reduce usando la regla 33 ($@3)

    sentencia             ir al estado 166
    $@3                   ir al estado 24
    sentencia_asignacion  ir al estado 25
    nombre_var            ir al estado 26
    sentencia_if          ir al estado 27
    sentencia_while       ir al estado 28
    sentencia_entrada     ir al estado 29
    sentencia_salida      ir al estado 30
    sentencia_return      ir al estado 31
    sentencia_switch      ir al estado 32


Estado 161

   61 sentencia_case: sentencia_case CASO DOSPUNTOS . constante sentencia
   63               | sentencia_case CASO DOSPUNTOS . constante sentencia BREAK FINLINEA

    CONSTANTES  desplazar e ir al estado 37
    ENTERO      desplazar e ir al estado 39

    constante  ir al estado 167


Estado 162

   65 default: DEFAULT DOSPUNTOS . sentencia

    error          desplazar e ir al estado 8
    CONDICION      desplazar e ir al estado 10
    CICLO          desplazar e ir al estado 11
    OPCION         desplazar e ir al estado 12
    SALIDA         desplazar e ir al estado 13
    RETURN         desplazar e ir al estado 14
    ENTRADA        desplazar e ir al estado 16
    IDENTIFICADOR  desplazar e ir al estado 17

    INIBLOQUE  reduce usando la regla 33 ($@3)

    sentencia             ir al estado 168
    $@3                   ir al estado 24
    sentencia_asignacion  ir al estado 25
    nombre_var            ir al estado 26
    sentencia_if          ir al estado 27
    sentencia_while       ir al estado 28
    sentencia_entrada     ir al estado 29
    sentencia_salida      ir al estado 30
    sentencia_return      ir al estado 31
    sentencia_switch      ir al estado 32


Estado 163

   60 sentencia_switch: OPCION PARENTESISABIERTO expresion PARENTESISCERRADO ini_bloque sentencia_case default fin_bloque .

    $default  reduce usando la regla 60 (sentencia_switch)


Estado 164

   18 identificador_array: IDENTIFICADOR ABRIRCORCHETE ENTERO CERRARCORCHETE ABRIRCORCHETE ENTERO . CERRARCORCHETE

    CERRARCORCHETE  desplazar e ir al estado 169


Estado 165

   51 sentencia_if: CONDICION PARENTESISABIERTO expresion PARENTESISCERRADO $@5 sentencia SUBCONDICION $@6 sentencia .

    $default  reduce usando la regla 51 (sentencia_if)


Estado 166

   62 sentencia_case: CASO DOSPUNTOS constante sentencia .
   64               | CASO DOSPUNTOS constante sentencia . BREAK FINLINEA

    BREAK  desplazar e ir al estado 170

    $default  reduce usando la regla 62 (sentencia_case)


Estado 167

   61 sentencia_case: sentencia_case CASO DOSPUNTOS constante . sentencia
   63               | sentencia_case CASO DOSPUNTOS constante . sentencia BREAK FINLINEA

    error          desplazar e ir al estado 8
    CONDICION      desplazar e ir al estado 10
    CICLO          desplazar e ir al estado 11
    OPCION         desplazar e ir al estado 12
    SALIDA         desplazar e ir al estado 13
    RETURN         desplazar e ir al estado 14
    ENTRADA        desplazar e ir al estado 16
    IDENTIFICADOR  desplazar e ir al estado 17

    INIBLOQUE  reduce usando la regla 33 ($@3)

    sentencia             ir al estado 171
    $@3                   ir al estado 24
    sentencia_asignacion  ir al estado 25
    nombre_var            ir al estado 26
    sentencia_if          ir al estado 27
    sentencia_while       ir al estado 28
    sentencia_entrada     ir al estado 29
    sentencia_salida      ir al estado 30
    sentencia_return      ir al estado 31
    sentencia_switch      ir al estado 32


Estado 168

   65 default: DEFAULT DOSPUNTOS sentencia .

    $default  reduce usando la regla 65 (default)


Estado 169

   18 identificador_array: IDENTIFICADOR ABRIRCORCHETE ENTERO CERRARCORCHETE ABRIRCORCHETE ENTERO CERRARCORCHETE .

    $default  reduce usando la regla 18 (identificador_array)


Estado 170

   64 sentencia_case: CASO DOSPUNTOS constante sentencia BREAK . FINLINEA

    FINLINEA  desplazar e ir al estado 172


Estado 171

   61 sentencia_case: sentencia_case CASO DOSPUNTOS constante sentencia .
   63               | sentencia_case CASO DOSPUNTOS constante sentencia . BREAK FINLINEA

    BREAK  desplazar e ir al estado 173

    $default  reduce usando la regla 61 (sentencia_case)


Estado 172

   64 sentencia_case: CASO DOSPUNTOS constante sentencia BREAK FINLINEA .

    $default  reduce usando la regla 64 (sentencia_case)


Estado 173

   63 sentencia_case: sentencia_case CASO DOSPUNTOS constante sentencia BREAK . FINLINEA

    FINLINEA  desplazar e ir al estado 174


Estado 174

   63 sentencia_case: sentencia_case CASO DOSPUNTOS constante sentencia BREAK FINLINEA .

    $default  reduce usando la regla 63 (sentencia_case)
